<?xml version="1.0" encoding="UTF-8"?>
<testng-results ignored="0" total="1" passed="1" failed="0" skipped="0">
  <reporter-output>
    <line>
      <![CDATA[Script_01]]>
    </line>
  </reporter-output>
  <suite started-at="2024-04-16T20:56:31 BST" name="Default suite" finished-at="2024-04-16T20:56:36 BST" duration-ms="4966">
    <groups>
    </groups>
    <test started-at="2024-04-16T20:56:31 BST" name="Default test" finished-at="2024-04-16T20:56:36 BST" duration-ms="4966">
      <class name="testscripts.DemoTest_Test">
        <test-method is-config="true" signature="beforeSuite()[pri:0, instance:testscripts.DemoTest_Test@72035809]" started-at="2024-04-16T20:56:31 BST" name="beforeSuite" finished-at="2024-04-16T20:56:31 BST" duration-ms="17" status="PASS">
          <reporter-output>
          </reporter-output>
        </test-method> <!-- beforeSuite -->
        <test-method is-config="true" signature="beforeClass(java.lang.String)[pri:0, instance:testscripts.DemoTest_Test@72035809]" started-at="2024-04-16T20:56:31 BST" name="beforeClass" finished-at="2024-04-16T20:56:34 BST" duration-ms="3110" status="PASS">
          <params>
            <param index="0">
              <value>
                <![CDATA[Chrome]]>
              </value>
            </param>
          </params>
          <reporter-output>
          </reporter-output>
        </test-method> <!-- beforeClass -->
        <test-method is-config="true" signature="beforeMethod(java.lang.reflect.Method)[pri:0, instance:testscripts.DemoTest_Test@72035809]" started-at="2024-04-16T20:56:34 BST" name="beforeMethod" finished-at="2024-04-16T20:56:36 BST" duration-ms="1111" status="PASS">
          <params>
            <param index="0">
              <value>
                <![CDATA[public void testscripts.DemoTest_Test.AddtoCart() throws java.io.IOException]]>
              </value>
            </param>
          </params>
          <reporter-output>
          </reporter-output>
        </test-method> <!-- beforeMethod -->
        <test-method signature="AddtoCart()[pri:0, instance:testscripts.DemoTest_Test@72035809]" started-at="2024-04-16T20:56:36 BST" name="AddtoCart" finished-at="2024-04-16T20:56:36 BST" duration-ms="13" status="PASS">
          <reporter-output>
            <line>
              <![CDATA[Script_01]]>
            </line>
          </reporter-output>
        </test-method> <!-- AddtoCart -->
        <test-method is-config="true" signature="afterMethod()[pri:0, instance:testscripts.DemoTest_Test@72035809]" started-at="2024-04-16T20:56:36 BST" name="afterMethod" finished-at="2024-04-16T20:56:36 BST" duration-ms="550" status="PASS">
          <reporter-output>
          </reporter-output>
        </test-method> <!-- afterMethod -->
        <test-method is-config="true" signature="afterClass()[pri:0, instance:testscripts.DemoTest_Test@72035809]" started-at="2024-04-16T20:56:36 BST" name="afterClass" finished-at="2024-04-16T20:56:36 BST" duration-ms="130" status="PASS">
          <reporter-output>
          </reporter-output>
        </test-method> <!-- afterClass -->
        <test-method is-config="true" signature="afterSuite()[pri:0, instance:testscripts.DemoTest_Test@72035809]" started-at="2024-04-16T20:56:36 BST" name="afterSuite" finished-at="2024-04-16T20:56:36 BST" duration-ms="0" status="PASS">
          <reporter-output>
          </reporter-output>
        </test-method> <!-- afterSuite -->
      </class> <!-- testscripts.DemoTest_Test -->
    </test> <!-- Default test -->
  </suite> <!-- Default suite -->
</testng-results>
